# scale: 0.415000
  1.0000           -inf           -inf         0.0557
  1.0050           -inf           -inf         0.0569
  1.0100            inf           -inf         0.0582
  1.0150           -inf           -inf         0.0594
  1.0200           -inf           -inf         0.0607
  1.0250            inf           -inf         0.0620
  1.0300           -inf           -inf         0.0634
  1.0350           -inf           -inf         0.0648
  1.0400           -inf           -inf         0.0662
  1.0450           -inf           -inf         0.0677
  1.0500            inf           -inf         0.0692
  1.0550           -inf           -inf         0.0707
  1.0600           -inf           -inf         0.0723
  1.0650           -inf           -inf         0.0739
  1.0700           -inf           -inf         0.0756
  1.0750           -inf           -inf         0.0773
  1.0800           -inf           -inf         0.0791
  1.0850           -inf           -inf         0.0809
  1.0900           -inf           -inf         0.0828
  1.0950            inf           -inf         0.0847
  1.1000            inf            inf         0.0866
  1.1050           -inf           -inf         0.0887
  1.1100            inf            inf         0.0908
  1.1150            inf           -inf         0.0929
  1.1200           -inf           -inf         0.0951
  1.1250           -inf           -inf         0.0974
  1.1300           -inf           -inf         0.0997
  1.1350           -inf           -inf         0.1021
  1.1400           -inf           -inf         0.1046
  1.1450           -inf           -inf         0.1072
  1.1500            inf           -inf         0.1098
  1.1550           -inf           -inf         0.1126
  1.1600           -inf           -inf         0.1154
  1.1650            inf            inf         0.1183
  1.1700           -inf           -inf         0.1213
  1.1750           -inf           -inf         0.1244
  1.1800           -inf           -inf         0.1276
  1.1850            inf           -inf         0.1309
  1.1900            inf           -inf         0.1343
  1.1950           -inf           -inf         0.1378
  1.2000            inf           -inf         0.1414
  1.2050            inf            inf         0.1452
  1.2100            inf           -inf         0.1491
  1.2150           -inf           -inf         0.1531
  1.2200           -inf           -inf         0.1573
  1.2250           -inf           -inf         0.1617
  1.2300            inf            inf         0.1661
  1.2350            inf            inf         0.1708
  1.2400           -inf           -inf         0.1756
  1.2450            inf           -inf         0.1806
  1.2500            inf           -inf         0.1858
  1.2550            inf           -inf         0.1912
  1.2600            inf           -inf         0.1968
  1.2650           -inf           -inf         0.2026
  1.2700           -inf           -inf         0.2087
  1.2750           -inf           -inf         0.2150
  1.2800           -inf           -inf         0.2215
  1.2850           -inf           -inf         0.2284
  1.2900            inf           -inf         0.2355
  1.2950           -inf           -inf         0.2429
  1.3000           -inf           -inf         0.2506
  1.3050            inf           -inf         0.2587
  1.3100            nan           -inf         0.2671
  1.3150           -inf           -inf         0.2759
  1.3200           -inf           -inf         0.2851
  1.3250           -inf           -inf         0.2947
  1.3300            inf           -inf         0.3047
  1.3350           -inf           -inf         0.3152
  1.3400           -inf           -inf         0.3263
  1.3450           -inf           -inf         0.3378
  1.3500           -inf           -inf         0.3500
  1.3550            inf           -inf         0.3627
  1.3600            inf           -inf         0.3761
  1.3650           -inf           -inf         0.3901
  1.3700           -inf           -inf         0.4050
  1.3750           -inf           -inf         0.4206
  1.3800            inf           -inf         0.4370
  1.3850            inf            inf         0.4543
  1.3900           -inf           -inf         0.4727
  1.3950            inf           -inf         0.4920
  1.4000           -inf           -inf         0.5125
  1.4050           -inf           -inf         0.5342
  1.4100           -inf           -inf         0.5572
  1.4150           -inf           -inf         0.5816
  1.4200           -inf           -inf         0.6076
  1.4250            inf           -inf         0.6352
  1.4300            inf           -inf         0.6646
  1.4350           -inf           -inf         0.6959
  1.4400           -inf           -inf         0.7294
  1.4450            inf           -inf         0.7652
  1.4500            inf           -inf         0.8035
  1.4550           -inf           -inf         0.8446
  1.4600            inf            inf         0.8887
  1.4650            inf           -inf         0.9362
  1.4700            inf           -inf         0.9874
  1.4750           -inf           -inf         1.0426
  1.4800           -inf           -inf         1.1024
  1.4850            inf            inf         1.1672
  1.4900           -inf           -inf         1.2375
  1.4950            inf           -inf         1.3141
  1.5000            inf           -inf         1.3976
  1.5050           -inf           -inf         1.4889
  1.5100           -inf           -inf         1.5890
  1.5150           -inf           -inf         1.6991
  1.5200           -inf           -inf         1.8205
  1.5250           -inf           -inf         1.9547
  1.5300           -inf           -inf         2.1036
  1.5350           -inf           -inf         2.2693
  1.5400           -inf           -inf         2.4546
  1.5450            inf           -inf         2.6623
  1.5500            inf            inf         2.8964
  1.5550           -inf           -inf         3.1612
  1.5600           -inf           -inf         3.4624
  1.5650            inf           -inf         3.8065
  1.5700            inf           -inf         4.2021
  1.5750           -inf           -inf         4.6594
  1.5800            inf           -inf         5.1916
  1.5850           -inf           -inf         5.8153
  1.5900           -inf           -inf         6.5516
  1.5950            inf           -inf         7.4280
  1.6000            inf            inf         8.4801
  1.6050           -inf           -inf         9.7550
  1.6100           -inf           -inf        11.3147
  1.6150           -inf           -inf        13.2420
  1.6200           -inf           -inf        15.6469
  1.6250            inf           -inf        18.6752
  1.6300            inf           -inf        22.5144
  1.6350            inf           -inf        27.3929
  1.6400           -inf           -inf        33.5511
  1.6450           -inf           -inf        41.1470
  1.6500           -inf           -inf        50.0294
  1.6550           -inf           -inf        59.3474
  1.6600           -inf           -inf        67.2158
  1.6650            inf           -inf        71.1224
  1.6700           -inf           -inf        69.5024
  1.6750           -inf           -inf        63.0901
  1.6800            inf           -inf        54.2380
  1.6850           -inf           -inf        45.1697
  1.6900           -inf           -inf        37.1127
  1.6950           -inf           -inf        30.4450
  1.7000           -inf           -inf        25.1049
  1.7050           -inf           -inf        20.8788
  1.7100           -inf           -inf        17.5362
  1.7150           -inf           -inf        14.8783
  1.7200           -inf           -inf        12.7475
  1.7250           -inf           -inf        11.0227
  1.7300           -inf           -inf         9.6129
  1.7350            inf           -inf         8.4492
  1.7400           -inf           -inf         7.4798
  1.7450           -inf           -inf         6.6650
  1.7500            inf            inf         5.9745
  1.7550            inf           -inf         5.3848
  1.7600           -inf           -inf         4.8777
  1.7650           -inf           -inf         4.4386
  1.7700            inf           -inf         4.0562
  1.7750           -inf           -inf         3.7211
  1.7800           -inf           -inf         3.4260
  1.7850           -inf           -inf         3.1649
  1.7900           -inf           -inf         2.9327
  1.7950           -inf           -inf         2.7254
  1.8000           -inf           -inf         2.5395
  1.8050           -inf           -inf         2.3722
  1.8100           -inf           -inf         2.2212
  1.8150           -inf           -inf         2.0843
  1.8200            inf           -inf         1.9599
  1.8250           -inf           -inf         1.8465
  1.8300            inf            inf         1.7429
  1.8350            inf            inf         1.6479
  1.8400            inf            inf         1.5607
  1.8450           -inf           -inf         1.4803
  1.8500           -inf           -inf         1.4062
  1.8550           -inf           -inf         1.3376
  1.8600           -inf           -inf         1.2741
  1.8650           -inf            inf         1.2151
  1.8700            inf           -inf         1.1602
  1.8750           -inf           -inf         1.1091
  1.8800           -inf           -inf         1.0614
  1.8850            inf            inf         1.0168
  1.8900           -inf           -inf         0.9750
  1.8950           -inf           -inf         0.9359
  1.9000            inf            inf         0.8991
  1.9050           -inf           -inf         0.8646
  1.9100           -inf           -inf         0.8321
  1.9150            inf           -inf         0.8014
  1.9200            inf           -inf         0.7725
  1.9250           -inf           -inf         0.7452
  1.9300           -inf           -inf         0.7194
  1.9350            inf            inf         0.6949
  1.9400            inf            inf         0.6717
  1.9450           -inf           -inf         0.6498
  1.9500           -inf           -inf         0.6289
  1.9550           -inf           -inf         0.6091
  1.9600           -inf            inf         0.5902
  1.9650           -inf           -inf         0.5723
  1.9700            inf            inf         0.5552
  1.9750            inf           -inf         0.5389
  1.9800            inf            inf         0.5234
  1.9850            inf            inf         0.5085
  1.9900            inf            inf         0.4943
  1.9950           -inf           -inf         0.4808
  2.0000           -inf           -inf         0.4678
  2.0050            inf            inf         0.4554
  2.0100           -inf            inf         0.4435
  2.0150            inf            inf         0.4321
  2.0200            inf           -inf         0.4211
  2.0250           -inf           -inf         0.4107
  2.0300            inf            inf         0.4006
  2.0350            inf           -inf         0.3909
  2.0400            inf            inf         0.3816
  2.0450            inf            inf         0.3726
  2.0500           -inf           -inf         0.3640
  2.0550           -inf           -inf         0.3557
  2.0600           -inf            inf         0.3478
  2.0650           -inf           -inf         0.3401
  2.0700           -inf           -inf         0.3327
  2.0750            inf            inf         0.3255
  2.0800           -inf           -inf         0.3186
  2.0850           -inf           -inf         0.3120
  2.0900           -inf           -inf         0.3056
  2.0950           -inf           -inf         0.2994
  2.1000           -inf           -inf         0.2934
  2.1050            inf            inf         0.2876
  2.1100            inf            inf         0.2821
  2.1150           -inf            inf         0.2767
  2.1200            inf            inf         0.2714
  2.1250            inf           -inf         0.2664
  2.1300           -inf           -inf         0.2615
  2.1350            inf           -inf         0.2568
  2.1400            inf            inf         0.2522
  2.1450           -inf            inf         0.2478
  2.1500            inf           -inf         0.2436
  2.1550           -inf           -inf         0.2394
  2.1600           -inf           -inf         0.2354
  2.1650            inf            inf         0.2316
  2.1700           -inf            inf         0.2278
  2.1750           -inf           -inf         0.2242
  2.1800           -inf            inf         0.2207
  2.1850            inf           -inf         0.2173
  2.1900            inf           -inf         0.2141
  2.1950            inf            inf         0.2109
  2.2000            inf            inf         0.2079
  2.2050            inf            inf         0.2050
  2.2100            inf            inf         0.2022
  2.2150           -inf           -inf         0.1995
  2.2200           -inf            inf         0.1969
  2.2250           -inf           -inf         0.1945
  2.2300            inf            inf         0.1922
  2.2350           -inf           -inf         0.1900
  2.2400            inf            inf         0.1880
  2.2450            inf            inf         0.1862
  2.2500            inf            inf         0.1846
  2.2550            inf            inf         0.1831
  2.2600            inf           -inf         0.1819
  2.2650            inf            inf         0.1808
  2.2700            inf           -inf         0.1797
  2.2750           -inf            inf         0.1784
  2.2800            inf            inf         0.1768
  2.2850           -inf           -inf         0.1751
  2.2900           -inf            inf         0.1734
  2.2950            inf            inf         0.1719
  2.3000            inf            inf         0.1707
  2.3050            inf            inf         0.1699
  2.3100           -inf            inf         0.1695
  2.3150            inf           -inf         0.1695
  2.3200            inf            inf         0.1700
  2.3250            inf            inf         0.1710
  2.3300            inf            inf         0.1723
  2.3350            inf            inf         0.1737
  2.3400           -inf            inf         0.1749
  2.3450           -inf            inf         0.1757
  2.3500            inf           -inf         0.1762
  2.3550           -inf           -inf         0.1765
  2.3600           -inf            inf         0.1768
  2.3650           -inf           -inf         0.1771
  2.3700           -inf           -inf         0.1779
  2.3750           -inf           -inf         0.1794
  2.3800           -inf           -inf         0.1818
  2.3850           -inf            inf         0.1853
  2.3900           -inf           -inf         0.1900
  2.3950            inf           -inf         0.1957
  2.4000            inf           -inf         0.2024
  2.4050            inf           -inf         0.2105
  2.4100           -inf            inf         0.2205
  2.4150            inf           -inf         0.2332
  2.4200           -inf           -inf         0.2497
  2.4250           -inf            inf         0.2711
  2.4300           -inf            inf         0.2986
  2.4350           -inf           -inf         0.3336
  2.4400            inf           -inf         0.3777
  2.4450           -inf           -inf         0.4322
  2.4500            inf           -inf         0.4977
  2.4550           -inf           -inf         0.5720
  2.4600            inf           -inf         0.6462
  2.4650           -inf           -inf         0.7027
  2.4700           -inf           -inf         0.7211
  2.4750           -inf           -inf         0.6929
  2.4800           -inf           -inf         0.6290
  2.4850           -inf           -inf         0.5506
  2.4900           -inf           -inf         0.4743
  2.4950           -inf           -inf         0.4083
  2.5000           -inf           -inf         0.3543
  2.5050           -inf           -inf         0.3114
  2.5100            inf           -inf         0.2777
  2.5150            inf            inf         0.2511
  2.5200           -inf           -inf         0.2301
  2.5250           -inf           -inf         0.2134
  2.5300            inf            inf         0.2000
  2.5350            inf            inf         0.1892
  2.5400            inf            inf         0.1806
  2.5450            inf            inf         0.1738
  2.5500            inf            inf         0.1686
  2.5550           -inf            inf         0.1649
  2.5600            inf            inf         0.1626
  2.5650            inf            inf         0.1616
  2.5700            inf            inf         0.1620
  2.5750           -inf            inf         0.1638
  2.5800            inf           -inf         0.1668
  2.5850           -inf           -inf         0.1706
  2.5900            inf           -inf         0.1739
  2.5950            inf           -inf         0.1748
  2.6000           -inf           -inf         0.1724
  2.6050           -inf           -inf         0.1670
  2.6100           -inf            inf         0.1602
  2.6150            inf           -inf         0.1535
  2.6200           -inf           -inf         0.1479
  2.6250           -inf            inf         0.1434
  2.6300           -inf           -inf         0.1401
  2.6350            inf           -inf         0.1379
  2.6400            inf           -inf         0.1367
  2.6450           -inf           -inf         0.1363
  2.6500           -inf           -inf         0.1366
  2.6550           -inf           -inf         0.1377
  2.6600            inf            inf         0.1396
  2.6650           -inf           -inf         0.1423
  2.6700           -inf           -inf         0.1460
  2.6750           -inf           -inf         0.1507
  2.6800           -inf            inf         0.1566
  2.6850           -inf           -inf         0.1640
  2.6900           -inf            inf         0.1730
  2.6950           -inf           -inf         0.1836
  2.7000           -inf           -inf         0.1955
  2.7050           -inf           -inf         0.2082
  2.7100           -inf            inf         0.2215
  2.7150           -inf           -inf         0.2361
  2.7200           -inf           -inf         0.2535
  2.7250           -inf            inf         0.2750
  2.7300           -inf           -inf         0.3010
  2.7350            inf           -inf         0.3302
  2.7400            inf           -inf         0.3599
  2.7450            inf           -inf         0.3865
  2.7500            inf           -inf         0.4070
  2.7550            inf           -inf         0.4198
  2.7600            inf           -inf         0.4261
  2.7650            inf            inf         0.4307
  2.7700            inf            inf         0.4400
  2.7750            inf           -inf         0.4597
  2.7800            inf            inf         0.4937
  2.7850           -inf           -inf         0.5445
  2.7900            inf            inf         0.6132
  2.7950            inf            inf         0.6975
  2.8000            inf            inf         0.7897
  2.8050            inf            inf         0.8752
  2.8100            inf           -inf         0.9397
  2.8150            inf            inf         0.9800
  2.8200           -inf            inf         1.0056
  2.8250           -inf            inf         1.0244
  2.8300           -inf           -inf         1.0301
  2.8350           -inf            inf         1.0052
  2.8400            inf            inf         0.9396
  2.8450           -inf            inf         0.8425
  2.8500            inf            inf         0.7350
  2.8550            inf           -inf         0.6348
  2.8600            inf            inf         0.5505
  2.8650            inf            inf         0.4838
  2.8700            inf            inf         0.4333
  2.8750            inf           -inf         0.3964
  2.8800            inf            inf         0.3706
  2.8850            inf            inf         0.3528
  2.8900            inf           -inf         0.3399
  2.8950            inf           -inf         0.3286
  2.9000           -inf            inf         0.3169
  2.9050           -inf           -inf         0.3046
  2.9100           -inf            inf         0.2925
  2.9150           -inf            inf         0.2820
  2.9200           -inf            inf         0.2745
  2.9250           -inf           -inf         0.2709
  2.9300           -inf           -inf         0.2720
  2.9350           -inf            inf         0.2782
  2.9400           -inf            inf         0.2898
  2.9450            inf            inf         0.3067
  2.9500           -inf           -inf         0.3282
  2.9550           -inf            inf         0.3521
  2.9600            inf            inf         0.3751
  2.9650            inf            inf         0.3942
  2.9700            inf           -inf         0.4098
  2.9750           -inf            inf         0.4254
  2.9800            inf           -inf         0.4460
  2.9850           -inf            inf         0.4765
  2.9900           -inf            inf         0.5213
  2.9950           -inf            inf         0.5843
  3.0000            inf            inf         0.6678
