# scale: 0.415000
  1.0000           -inf           -inf           -inf           -inf      6465.8240       177.1701
  1.0050           -inf           -inf           -inf           -inf      6501.7571       180.0725
  1.0100           -inf            inf           -inf           -inf      6538.2792       183.0402
  1.0150           -inf           -inf           -inf           -inf      6575.4034       186.0749
  1.0200           -inf           -inf           -inf           -inf      6613.1434       189.1790
  1.0250           -inf            inf           -inf           -inf      6651.5131       192.3544
  1.0300           -inf           -inf           -inf           -inf      6690.5272       195.6035
  1.0350           -inf           -inf           -inf           -inf      6730.2004       198.9286
  1.0400           -inf           -inf           -inf           -inf      6770.5484       202.3322
  1.0450           -inf           -inf           -inf           -inf      6811.5869       205.8168
  1.0500           -inf            inf           -inf           -inf      6853.3324       209.3851
  1.0550           -inf           -inf           -inf           -inf      6895.8019       213.0397
  1.0600           -inf           -inf           -inf           -inf      6939.0129       216.7836
  1.0650           -inf           -inf           -inf           -inf      6982.9836       220.6198
  1.0700           -inf           -inf           -inf           -inf      7027.7325       224.5513
  1.0750           -inf           -inf           -inf           -inf      7073.2792       228.5814
  1.0800           -inf           -inf           -inf           -inf      7119.6435       232.7134
  1.0850           -inf           -inf           -inf           -inf      7166.8461       236.9510
  1.0900           -inf           -inf           -inf           -inf      7214.9085       241.2977
  1.0950           -inf            inf           -inf           -inf      7263.8527       245.7574
  1.1000           -inf            inf           -inf            inf      7313.7017       250.3341
  1.1050           -inf           -inf           -inf           -inf      7364.4793       255.0321
  1.1100           -inf            inf           -inf            inf      7416.2099       259.8556
  1.1150           -inf            inf           -inf           -inf      7468.9190       264.8092
  1.1200           -inf           -inf           -inf           -inf      7522.6331       269.8978
  1.1250           -inf           -inf           -inf           -inf      7577.3794       275.1263
  1.1300           -inf           -inf           -inf           -inf      7633.1864       280.4999
  1.1350           -inf           -inf           -inf           -inf      7690.0834       286.0242
  1.1400           -inf           -inf           -inf           -inf      7748.1009       291.7049
  1.1450            nan           -inf           -inf           -inf      7807.2707       297.5480
  1.1500           -inf            inf           -inf           -inf      7867.6257       303.5598
  1.1550           -inf           -inf           -inf           -inf      7929.2000       309.7470
  1.1600           -inf           -inf           -inf           -inf      7992.0291       316.1164
  1.1650           -inf            inf           -inf            inf      8056.1500       322.6754
  1.1700           -inf           -inf           -inf           -inf      8121.6010       329.4317
  1.1750           -inf           -inf           -inf           -inf      8188.4221       336.3932
  1.1800           -inf           -inf           -inf           -inf      8256.6549       343.5685
  1.1850           -inf            inf           -inf           -inf      8326.3425       350.9664
  1.1900           -inf            inf           -inf           -inf      8397.5301       358.5964
  1.1950           -inf           -inf           -inf           -inf      8470.2646       366.4682
  1.2000           -inf            inf           -inf           -inf      8544.5950       374.5924
  1.2050           -inf            inf           -inf            inf      8620.5722       382.9798
  1.2100           -inf            inf           -inf           -inf      8698.2496       391.6420
  1.2150           -inf           -inf           -inf           -inf      8777.6826       400.5912
  1.2200           -inf           -inf           -inf           -inf      8858.9294       409.8404
  1.2250           -inf           -inf           -inf           -inf      8942.0504       419.4031
  1.2300           -inf            inf           -inf            inf      9027.1092       429.2937
  1.2350           -inf            inf           -inf            inf      9114.1719       439.5275
  1.2400           -inf           -inf           -inf           -inf      9203.3078       450.1205
  1.2450           -inf            inf           -inf           -inf      9294.5895       461.0899
  1.2500           -inf            inf           -inf           -inf      9388.0930       472.4538
  1.2550           -inf            inf           -inf           -inf      9483.8979       484.2314
  1.2600           -inf            inf           -inf           -inf      9582.0876       496.4431
  1.2650           -inf           -inf           -inf           -inf      9682.7497       509.1105
  1.2700           -inf           -inf           -inf           -inf      9785.9761       522.2566
  1.2750           -inf           -inf           -inf           -inf      9891.8632       535.9060
  1.2800           -inf           -inf           -inf           -inf     10000.5125       550.0848
  1.2850           -inf           -inf           -inf           -inf     10112.0307       564.8207
  1.2900           -inf            inf           -inf           -inf     10226.5297       580.1434
  1.2950            inf           -inf           -inf           -inf     10344.1278       596.0844
  1.3000           -inf           -inf           -inf           -inf     10464.9494       612.6776
  1.3050            inf            inf           -inf           -inf     10589.1255       629.9592
  1.3100           -inf            nan           -inf           -inf     10716.7944       647.9676
  1.3150           -inf           -inf           -inf           -inf     10848.1023       666.7444
  1.3200           -inf           -inf           -inf           -inf     10983.2033       686.3339
  1.3250           -inf           -inf           -inf           -inf     11122.2605       706.7838
  1.3300           -inf            inf           -inf           -inf     11265.4464       728.1451
  1.3350           -inf           -inf           -inf           -inf     11412.9437       750.4730
  1.3400           -inf           -inf           -inf           -inf     11564.9458       773.8265
  1.3450           -inf           -inf           -inf           -inf     11721.6581       798.2696
  1.3500           -inf           -inf           -inf           -inf     11883.2984       823.8710
  1.3550           -inf            inf           -inf           -inf     12050.0981       850.7051
  1.3600           -inf            inf           -inf           -inf     12222.3033       878.8523
  1.3650           -inf           -inf           -inf           -inf     12400.1759       908.3996
  1.3700           -inf           -inf           -inf           -inf     12583.9949       939.4413
  1.3750           -inf           -inf           -inf           -inf     12774.0576       972.0800
  1.3800           -inf            inf           -inf           -inf     12970.6817      1006.4268
  1.3850           -inf            inf           -inf            inf     13174.2063      1042.6030
  1.3900           -inf           -inf           -inf           -inf     13384.9944      1080.7406
  1.3950           -inf            inf           -inf           -inf     13603.4345      1120.9837
  1.4000           -inf           -inf           -inf           -inf     13829.9431      1163.4901
  1.4050           -inf           -inf           -inf           -inf     14064.9672      1208.4322
  1.4100           -inf           -inf           -inf           -inf     14308.9872      1255.9995
  1.4150           -inf           -inf           -inf           -inf     14562.5200      1306.3999
  1.4200           -inf           -inf           -inf           -inf     14826.1221      1359.8623
  1.4250           -inf            inf           -inf           -inf     15100.3943      1416.6392
  1.4300           -inf            inf           -inf           -inf     15385.9851      1477.0096
  1.4350           -inf           -inf           -inf           -inf     15683.5962      1541.2823
  1.4400            inf           -inf           -inf           -inf     15993.9878      1609.7996
  1.4450           -inf            inf           -inf           -inf     16317.9844      1682.9426
  1.4500            inf            inf           -inf           -inf     16656.4821      1761.1353
  1.4550           -inf           -inf           -inf           -inf     17010.4560      1844.8516
  1.4600           -inf            inf           -inf            inf     17380.9694      1934.6219
  1.4650            inf            inf           -inf           -inf     17769.1831      2031.0415
  1.4700            inf            inf           -inf           -inf     18176.3672      2134.7802
  1.4750            inf           -inf           -inf           -inf     18603.9137      2246.5940
  1.4800           -inf           -inf           -inf           -inf     19053.3510      2367.3381
  1.4850           -inf            inf           -inf            inf     19526.3609      2497.9837
  1.4900           -inf           -inf           -inf           -inf     20024.7972      2639.6364
  1.4950            inf            inf           -inf           -inf     20550.7079      2793.5594
  1.5000           -inf            inf           -inf           -inf     21106.3604      2961.2010
  1.5050           -inf           -inf           -inf           -inf     21694.2703      3144.2277
  1.5100            inf           -inf           -inf           -inf     22317.2346      3344.5648
  1.5150           -inf           -inf           -inf           -inf     22978.3710      3564.4452
  1.5200           -inf           -inf           -inf           -inf     23681.1616      3806.4700
  1.5250           -inf           -inf           -inf           -inf     24429.5055      4073.6829
  1.5300           -inf           -inf           -inf           -inf     25227.7776      4369.6623
  1.5350           -inf           -inf           -inf           -inf     26080.8988      4698.6369
  1.5400            inf           -inf           -inf           -inf     26994.4149      5065.6303
  1.5450           -inf            inf           -inf           -inf     27974.5891      5476.6442
  1.5500           -inf            inf           -inf            inf     29028.5062      5938.8921
  1.5550           -inf           -inf           -inf           -inf     30164.1914      6461.0986
  1.5600           -inf           -inf           -inf           -inf     31390.7413      7053.8873
  1.5650           -inf            inf           -inf           -inf     32718.4655      7730.2858
  1.5700           -inf            inf           -inf           -inf     34159.0308      8506.3903
  1.5750           -inf           -inf           -inf           -inf     35725.5953      9402.2457
  1.5800           -inf            inf           -inf           -inf     37432.9019     10443.0226
  1.5850           -inf           -inf           -inf           -inf     39297.2831     11660.6031
  1.5900           -inf           -inf           -inf           -inf     41336.4817     13095.7331
  1.5950           -inf            inf           -inf           -inf     43569.1193     14800.9634
  1.6000           -inf            inf           -inf            inf     46013.5133     16844.6844
  1.6050           -inf           -inf           -inf           -inf     48685.2971     19316.6618
  1.6100           -inf           -inf           -inf           -inf     51592.8739     22335.5840
  1.6150            inf           -inf           -inf           -inf     54728.9490     26059.1500
  1.6200           -inf           -inf           -inf           -inf     58055.0201     30696.9487
  1.6250           -inf            inf           -inf           -inf     61473.3514     36525.2053
  1.6300           -inf            inf           -inf           -inf     64777.3184     43898.9161
  1.6350           -inf            inf           -inf           -inf     67566.6523     53247.6059
  1.6400           -inf           -inf           -inf           -inf     69113.8863     65019.4374
  1.6450           -inf           -inf           -inf           -inf     68190.7058     79497.4193
  1.6500           -inf           -inf           -inf           -inf     62956.5457     96365.5065
  1.6550            inf           -inf           -inf           -inf     51237.9712    113968.2897
  1.6600           -inf           -inf           -inf           -inf     31732.5066    128689.6286
  1.6650           -inf            inf           -inf           -inf      6015.3345    135760.2184
  1.6700           -inf           -inf            inf           -inf    -20798.5546    132270.8588
  1.6750            inf           -inf            inf           -inf    -42864.6869    119709.0891
  1.6800           -inf            inf            inf           -inf    -57273.9545    102606.6087
  1.6850           -inf           -inf            inf           -inf    -64545.2594     85197.7828
  1.6900            inf           -inf            inf           -inf    -66742.9425     69793.8212
  1.6950            inf           -inf            inf           -inf    -65892.4389     57085.5657
  1.7000            inf           -inf            inf           -inf    -63434.4713     46934.2930
  1.7050            inf           -inf            inf           -inf    -60252.0709     38918.9446
  1.7100            inf           -inf            inf           -inf    -56842.4939     32592.6566
  1.7150            inf           -inf            inf           -inf    -53468.4459     27572.1814
  1.7200            inf           -inf            inf           -inf    -50258.7718     23554.6046
  1.7250            inf           -inf            inf           -inf    -47268.7109     20308.6315
  1.7300            inf           -inf            inf           -inf    -44514.2550     17659.9418
  1.7350           -inf            inf           -inf           -inf    -41991.2723     15477.4392
  1.7400            inf           -inf            inf           -inf    -39685.9969     13662.1797
  1.7450            inf           -inf            inf           -inf    -37580.6982     12138.9880
  1.7500            inf            inf            inf            inf    -35656.6796     10850.2774
  1.7550            inf            inf            inf           -inf    -33895.8041      9751.5395
  1.7600            inf           -inf            inf           -inf    -32281.2097      8808.0596
  1.7650            inf           -inf            inf           -inf    -30797.5888      7992.5159
  1.7700           -inf            inf            inf           -inf    -29431.2342      7283.2153
  1.7750           -inf           -inf            inf           -inf    -28169.9691      6662.7887
  1.7800            inf           -inf            inf           -inf    -27003.0235      6117.2159
  1.7850           -inf           -inf            inf           -inf    -25920.8912      5635.0939
  1.7900           -inf           -inf            inf           -inf    -24915.1863      5207.0805
  1.7950            inf           -inf            inf           -inf    -23978.5076      4825.4697
  1.8000           -inf           -inf           -inf           -inf    -23104.3161      4483.8638
  1.8050           -inf           -inf            nan           -inf    -22286.8248      4176.9189
  1.8100           -inf           -inf            inf           -inf    -21520.9032      3900.1454
  1.8150           -inf           -inf           -inf           -inf    -20801.9927      3649.7510
  1.8200            inf            inf            inf           -inf    -20126.0343      3422.5158
  1.8250           -inf           -inf           -inf           -inf    -19489.4056      3215.6926
  1.8300            inf            inf            inf            inf    -18888.8664      3026.9267
  1.8350            inf            inf            inf            inf    -18321.5114      2854.1910
  1.8400           -inf            inf           -inf            inf    -17784.7302      2695.7331
  1.8450            inf           -inf            inf           -inf    -17276.1716      2550.0322
  1.8500           -inf           -inf            inf           -inf    -16793.7134      2415.7635
  1.8550            inf           -inf            inf           -inf    -16335.4361      2291.7689
  1.8600            inf           -inf            inf           -inf    -15899.5997      2177.0324
  1.8650            inf           -inf            inf            inf    -15484.6238      2070.6601
  1.8700            inf            inf            inf           -inf    -15089.0701      1971.8628
  1.8750            inf           -inf            inf           -inf    -14711.6270      1879.9419
  1.8800            inf           -inf            inf           -inf    -14351.0964      1794.2770
  1.8850            inf            inf            inf            inf    -14006.3819      1714.3162
  1.8900            nan           -inf            inf           -inf    -13676.4783      1639.5666
  1.8950            inf           -inf            inf           -inf    -13360.4625      1569.5872
  1.9000           -inf            inf            inf            inf    -13057.4854      1503.9828
  1.9050           -inf           -inf            inf           -inf    -12766.7647      1442.3980
  1.9100            inf           -inf            inf           -inf    -12487.5787      1384.5126
  1.9150            inf            inf            inf           -inf    -12219.2604      1330.0377
  1.9200            inf            inf            inf           -inf    -11961.1927      1278.7119
  1.9250           -inf           -inf           -inf           -inf    -11712.8037      1230.2984
  1.9300            inf           -inf            inf           -inf    -11473.5627      1184.5822
  1.9350            inf            inf            inf            inf    -11242.9766      1141.3676
  1.9400           -inf            inf            inf            inf    -11020.5868      1100.4764
  1.9450           -inf           -inf           -inf           -inf    -10805.9661      1061.7461
  1.9500            inf           -inf            inf           -inf    -10598.7160      1025.0279
  1.9550           -inf           -inf            inf           -inf    -10398.4645       990.1857
  1.9600            inf           -inf            inf            inf    -10204.8642       957.0948
  1.9650            inf           -inf            inf           -inf    -10017.5896       925.6404
  1.9700           -inf            inf            inf            inf     -9836.3361       895.7174
  1.9750            inf            inf            inf           -inf     -9660.8180       867.2286
  1.9800           -inf            inf           -inf            inf     -9490.7673       840.0846
  1.9850            inf            inf            inf            inf     -9325.9320       814.2028
  1.9900           -inf            inf            inf            inf     -9166.0753       789.5069
  1.9950           -inf           -inf            inf           -inf     -9010.9742       765.9263
  2.0000            inf           -inf            inf           -inf     -8860.4188       743.3956
  2.0050           -inf            inf            inf            inf     -8714.2111       721.8540
  2.0100            inf           -inf            inf            inf     -8572.1641       701.2453
  2.0150            inf            inf            inf            inf     -8434.1014       681.5170
  2.0200            inf            inf            inf           -inf     -8299.8561       662.6205
  2.0250           -inf           -inf            inf           -inf     -8169.2705       644.5103
  2.0300            inf            inf            inf            inf     -8042.1951       627.1443
  2.0350            inf            inf            inf           -inf     -7918.4884       610.4829
  2.0400            inf            inf            inf            inf     -7798.0161       594.4894
  2.0450            inf            inf            inf            inf     -7680.6510       579.1292
  2.0500            inf           -inf            inf           -inf     -7566.2719       564.3701
  2.0550           -inf           -inf           -inf           -inf     -7454.7641       550.1821
  2.0600            inf           -inf            inf            inf     -7346.0183       536.5369
  2.0650            inf           -inf            inf           -inf     -7239.9305       523.4080
  2.0700            inf           -inf           -inf           -inf     -7136.4017       510.7706
  2.0750           -inf            inf           -inf            inf     -7035.3375       498.6014
  2.0800            inf           -inf            inf           -inf     -6936.6481       486.8784
  2.0850            inf           -inf            inf           -inf     -6840.2475       475.5812
  2.0900           -inf           -inf           -inf           -inf     -6746.0539       464.6903
  2.0950           -inf           -inf           -inf           -inf     -6653.9889       454.1876
  2.1000            inf           -inf            inf           -inf     -6563.9778       444.0560
  2.1050            inf            inf            inf            inf     -6475.9488       434.2794
  2.1100           -inf            inf           -inf            inf     -6389.8335       424.8426
  2.1150           -inf           -inf            inf            inf     -6305.5662       415.7313
  2.1200           -inf            inf            inf            inf     -6223.0839       406.9321
  2.1250            inf            inf            inf           -inf     -6142.3263       398.4324
  2.1300           -inf           -inf            inf           -inf     -6063.2353       390.2202
  2.1350            inf            inf            inf           -inf     -5985.7552       382.2844
  2.1400            inf            inf           -inf            inf     -5909.8324       374.6145
  2.1450            inf           -inf            inf            inf     -5835.4154       367.2006
  2.1500            inf            inf            inf           -inf     -5762.4545       360.0335
  2.1550           -inf           -inf           -inf           -inf     -5690.9017       353.1045
  2.1600           -inf           -inf           -inf           -inf     -5620.7110       346.4057
  2.1650            inf            inf           -inf            inf     -5551.8375       339.9295
  2.1700            inf           -inf            inf            inf     -5484.2380       333.6693
  2.1750           -inf           -inf            inf           -inf     -5417.8708       327.6187
  2.1800            inf           -inf            inf            inf     -5352.6952       321.7721
  2.1850            inf            inf            inf           -inf     -5288.6718       316.1245
  2.1900            inf            inf           -inf           -inf     -5225.7623       310.6719
  2.1950           -inf            inf            inf            inf     -5163.9293       305.4107
  2.2000            inf            inf            inf            inf     -5103.1364       300.3384
  2.2050            inf            inf            inf            inf     -5043.3480       295.4537
  2.2100            inf            inf            inf            inf     -4984.5296       290.7565
  2.2150            inf           -inf            inf           -inf     -4926.6474       286.2484
  2.2200           -inf           -inf           -inf            inf     -4869.6687       281.9330
  2.2250           -inf           -inf           -inf           -inf     -4813.5625       277.8166
  2.2300           -inf            inf           -inf            inf     -4758.2998       273.9090
  2.2350           -inf           -inf            inf           -inf     -4703.8558       270.2241
  2.2400            inf            inf            inf            inf     -4650.2121       266.7809
  2.2450            inf            inf            inf            inf     -4597.3613       263.6028
  2.2500           -inf            inf            inf            inf     -4545.3149       260.7142
  2.2550            inf            inf            inf            inf     -4494.1118       258.1298
  2.2600            inf            inf            inf           -inf     -4443.8229       255.8293
  2.2650            inf            inf            inf            inf     -4394.5305       253.7177
  2.2700            inf            inf            inf           -inf     -4346.2572       251.5987
  2.2750           -inf           -inf            inf            inf     -4298.8607       249.2351
  2.2800           -inf            inf           -inf            inf     -4252.0234       246.5177
  2.2850            inf           -inf            inf           -inf     -4205.4217       243.5762
  2.2900           -inf           -inf            inf            inf     -4158.9038       240.6807
  2.2950            inf            inf            inf            inf     -4112.4897       238.0729
  2.3000            inf            inf            inf            inf     -4066.2713       235.9012
  2.3050            inf            inf           -inf            inf     -4020.3426       234.2468
  2.3100            inf           -inf            inf            inf     -3974.7876       233.1643
  2.3150           -inf            inf           -inf           -inf     -3929.6986       232.7026
  2.3200           -inf            inf           -inf            inf     -3885.2050       232.8963
  2.3250            inf            inf           -inf            inf     -3841.4927       233.7222
  2.3300           -inf            inf           -inf            inf     -3798.7761       235.0227
  2.3350            inf            inf           -inf            inf     -3757.1731       236.4504
  2.3400           -inf           -inf           -inf            inf     -3716.5196       237.5682
  2.3450           -inf           -inf            inf            inf     -3676.3558       238.1341
  2.3500           -inf            inf           -inf           -inf     -3636.2156       238.2543
  2.3550           -inf           -inf           -inf           -inf     -3595.8553       238.1695
  2.3600           -inf           -inf           -inf            inf     -3555.1197       238.0395
  2.3650           -inf           -inf           -inf           -inf     -3513.7758       238.0495
  2.3700           -inf           -inf           -inf           -inf     -3471.6253       238.5587
  2.3750            inf           -inf           -inf           -inf     -3428.6720       240.0063
  2.3800           -inf           -inf           -inf           -inf     -3385.1004       242.7373
  2.3850           -inf           -inf           -inf            inf     -3341.1562       246.9320
  2.3900           -inf           -inf           -inf           -inf     -3297.0320       252.6060
  2.3950           -inf            inf           -inf           -inf     -3252.7364       259.6622
  2.4000           -inf            inf           -inf           -inf     -3207.9793       268.0724
  2.4050           -inf            inf           -inf           -inf     -3162.2546       278.1636
  2.4100            inf           -inf           -inf            inf     -3115.1545       290.7369
  2.4150           -inf            inf           -inf           -inf     -3066.6128       306.9101
  2.4200            inf           -inf            inf           -inf     -3016.9234       327.9524
  2.4250           -inf           -inf           -inf            inf     -2966.7247       355.2778
  2.4300           -inf           -inf            inf            inf     -2917.1129       390.5026
  2.4350           -inf           -inf           -inf           -inf     -2869.8903       435.4383
  2.4400            inf            inf           -inf           -inf     -2827.9123       491.9767
  2.4450            inf           -inf           -inf           -inf     -2795.6415       561.8327
  2.4500           -inf            inf           -inf           -inf     -2780.1366       645.6882
  2.4550           -inf           -inf           -inf           -inf     -2791.8618       740.5353
  2.4600           -inf            inf            inf           -inf     -2842.5023       834.9013
  2.4650           -inf           -inf           -inf           -inf     -2936.4559       906.0624
  2.4700            inf           -inf           -inf           -inf     -3059.4356       927.8830
  2.4750            inf           -inf           -inf           -inf     -3179.2327       889.7040
  2.4800            inf           -inf           -inf           -inf     -3265.5596       806.1353
  2.4850            inf           -inf            inf           -inf     -3307.6013       704.1827
  2.4900            inf           -inf            inf           -inf     -3311.8260       605.3821
  2.4950           -inf           -inf            inf           -inf     -3290.5755       520.0491
  2.5000            inf           -inf            inf           -inf     -3254.6441       450.4546
  2.5050            inf           -inf            inf           -inf     -3211.3430       395.1490
  2.5100            inf            inf            inf           -inf     -3165.0422       351.5934
  2.5150            inf            inf            inf            inf     -3118.1681       317.2963
  2.5200            inf           -inf            inf           -inf     -3071.9835       290.1653
  2.5250            inf           -inf            inf           -inf     -3027.0734       268.5463
  2.5300            inf            inf            inf            inf     -2983.6226       251.1844
  2.5350            inf            inf            inf            inf     -2941.6011       237.1802
  2.5400            inf            inf            inf            inf     -2900.9043       225.9237
  2.5450            inf            inf            inf            inf     -2861.4330       217.0051
  2.5500           -inf            inf            inf            inf     -2823.1196       210.1451
  2.5550            inf           -inf            inf            inf     -2785.9351       205.1479
  2.5600            inf            inf            inf            inf     -2749.8816       201.8750
  2.5650            inf            inf            inf            inf     -2714.9915       200.2562
  2.5700            inf            inf            inf            inf     -2681.3917       200.3166
  2.5750            inf           -inf            inf            inf     -2649.4420       202.1148
  2.5800           -inf            inf            inf           -inf     -2619.8324       205.5089
  2.5850           -inf           -inf            inf           -inf     -2593.4561       209.7833
  2.5900           -inf            inf            inf           -inf     -2570.8654       213.3557
  2.5950           -inf            inf            inf           -inf     -2551.3798       214.1121
  2.6000           -inf           -inf            inf           -inf     -2532.7629       210.7114
  2.6050            inf           -inf            inf           -inf     -2512.4130       203.7216
  2.6100            inf           -inf            inf            inf     -2488.9758       195.0749
  2.6150           -inf            inf            inf           -inf     -2462.5987       186.6132
  2.6200            inf           -inf            inf           -inf     -2434.1213       179.3551
  2.6250           -inf           -inf            inf            inf     -2404.3771       173.6146
  2.6300           -inf           -inf            inf           -inf     -2373.9458       169.3455
  2.6350            inf            inf            inf           -inf     -2343.1621       166.3835
  2.6400            inf            inf            inf           -inf     -2312.1893       164.5610
  2.6450            inf           -inf            inf           -inf     -2281.0858       163.7493
  2.6500           -inf           -inf            inf           -inf     -2249.8499       163.8687
  2.6550            inf           -inf            inf           -inf     -2218.4468       164.8882
  2.6600            inf            inf            inf            inf     -2186.8268       166.8240
  2.6650            inf           -inf            inf           -inf     -2154.9389       169.7392
  2.6700            inf           -inf            inf           -inf     -2122.7443       173.7459
  2.6750            inf           -inf            inf           -inf     -2090.2372       179.0063
  2.6800            inf           -inf            inf            inf     -2057.4744       185.7282
  2.6850            inf           -inf            inf           -inf     -2024.6166       194.1387
  2.6900           -inf           -inf            inf            inf     -1991.9682       204.4120
  2.6950            inf           -inf           -inf           -inf     -1959.9547       216.5300
  2.7000            inf           -inf            inf           -inf     -1928.9283       230.1350
  2.7050            inf           -inf           -inf           -inf     -1898.7686       244.6305
  2.7100            inf           -inf           -inf            inf     -1868.6707       259.7868
  2.7150            inf           -inf           -inf           -inf     -1837.7233       276.4214
  2.7200            inf           -inf           -inf           -inf     -1805.9665       296.2205
  2.7250            inf           -inf            inf            inf     -1774.8845       320.7391
  2.7300            inf           -inf           -inf           -inf     -1747.0776       350.3810
  2.7350            inf            inf           -inf           -inf     -1725.3711       383.7088
  2.7400            inf            inf           -inf           -inf     -1711.4508       417.4213
  2.7450           -inf            inf           -inf           -inf     -1704.7270       447.4402
  2.7500            inf            inf            inf           -inf     -1702.3157       470.3369
  2.7550            inf            inf            inf           -inf     -1699.3607       484.3018
  2.7600            inf            inf            inf           -inf     -1689.7103       490.7098
  2.7650            inf            inf            inf            inf     -1668.6597       495.0694
  2.7700            inf            inf            inf            inf     -1635.6293       504.8555
  2.7750            inf            inf            inf           -inf     -1593.7936       526.4910
  2.7800           -inf            inf            inf            inf     -1548.3099       564.3983
  2.7850           -inf           -inf            inf           -inf     -1505.5945       621.3872
  2.7900            inf            inf            inf            inf     -1473.7875       698.4872
  2.7950            inf            inf           -inf            inf     -1463.0522       793.1657
  2.8000            inf            inf            inf            inf     -1483.4609       896.3281
  2.8050           -inf            inf            inf            inf     -1538.6711       991.6110
  2.8100           -inf            inf            inf           -inf     -1619.4060      1062.7792
  2.8150           -inf            inf            inf            inf     -1708.0582      1106.4446
  2.8200           -inf           -inf            inf            inf     -1794.9899      1133.3396
  2.8250           -inf           -inf            inf            inf     -1886.7337      1152.5123
  2.8300            inf           -inf            inf           -inf     -1994.5754      1156.8232
  2.8350            inf           -inf            inf            inf     -2115.5435      1126.9084
  2.8400           -inf            inf            inf            inf     -2227.1106      1051.4605
  2.8450            inf           -inf            inf            inf     -2304.0532       941.1436
  2.8500            inf            inf            inf            inf     -2336.9385       819.6016
  2.8550           -inf            inf            inf           -inf     -2332.3539       706.6191
  2.8600            inf            inf            inf            inf     -2302.7353       611.7049
  2.8650            inf            inf            inf            inf     -2259.1426       536.6871
  2.8700           -inf            inf           -inf            inf     -2209.3159       479.8138
  2.8750           -inf            inf            inf           -inf     -2158.2691       438.2437
  2.8800           -inf            inf           -inf            inf     -2109.3267       408.9382
  2.8850           -inf            inf            inf            inf     -2064.7222       388.6471
  2.8900           -inf            inf            inf           -inf     -2025.4675       373.7445
  2.8950           -inf            inf            inf           -inf     -1990.8396       360.7128
  2.9000           -inf           -inf            inf            inf     -1958.5582       347.3111
  2.9050           -inf           -inf            inf           -inf     -1926.0195       333.2014
  2.9100           -inf           -inf            inf            inf     -1891.4145       319.4056
  2.9150            inf           -inf            inf            inf     -1854.0027       307.4384
  2.9200           -inf           -inf            inf            inf     -1813.9103       298.7358
  2.9250            inf           -inf            inf           -inf     -1771.8082       294.3829
  2.9300            inf           -inf            inf           -inf     -1728.6102       295.0842
  2.9350            inf           -inf            inf            inf     -1685.3340       301.2898
  2.9400           -inf           -inf            inf            inf     -1643.1805       313.2818
  2.9450           -inf            inf            inf            inf     -1603.7153       331.0163
  2.9500           -inf           -inf            inf           -inf     -1568.8588       353.6202
  2.9550           -inf           -inf            inf            inf     -1540.2127       378.7472
  2.9600           -inf            inf           -inf            inf     -1517.4984       402.7190
  2.9650           -inf            inf           -inf            inf     -1497.3559       422.5338
  2.9700           -inf            inf            inf           -inf     -1474.7046       438.5128
  2.9750           -inf           -inf            inf            inf     -1445.8312       454.4705
  2.9800           -inf            inf            inf           -inf     -1409.8667       475.6683
  2.9850           -inf           -inf            inf            inf     -1368.4306       507.3187
  2.9900           -inf           -inf            inf            inf     -1325.2107       554.1198
  2.9950            inf           -inf            inf            inf     -1286.0822       620.0176
  3.0000            inf            inf            inf            inf     -1259.8081       707.5137
